SF:lib/src/core/constants/app_text_style.dart
DA:6,2
DA:7,2
DA:17,1
DA:18,1
DA:28,1
DA:29,1
DA:40,1
DA:41,1
LF:8
LH:8
end_of_record
SF:lib/src/core/utils/app_logger.dart
DA:4,0
DA:5,0
DA:8,0
DA:9,0
DA:12,0
DA:13,0
DA:16,0
DA:17,0
DA:20,0
DA:21,0
LF:10
LH:0
end_of_record
SF:lib/src/core/utils/hash_generator.dart
DA:6,0
DA:7,0
DA:8,0
DA:9,0
LF:4
LH:0
end_of_record
SF:lib/src/modules/marvel_characters/data/datasource/character_remote_data_source.dart
DA:9,1
DA:11,1
DA:13,2
DA:15,1
DA:17,3
DA:18,3
DA:21,3
DA:22,4
DA:24,2
LF:9
LH:9
end_of_record
SF:lib/src/modules/marvel_characters/data/models.dart/character_model.dart
DA:5,3
DA:12,2
DA:13,2
DA:17,4
DA:18,2
DA:20,2
DA:21,2
DA:22,2
DA:23,2
DA:28,1
DA:30,3
DA:32,1
DA:33,1
DA:34,1
DA:35,1
DA:36,1
DA:37,1
DA:38,3
LF:18
LH:18
end_of_record
SF:lib/src/modules/marvel_characters/domain/entities/character_entity.dart
DA:7,8
LF:1
LH:1
end_of_record
SF:lib/src/modules/marvel_characters/data/repositories/character_repository_impl.dart
DA:7,1
DA:9,1
DA:11,2
LF:3
LH:3
end_of_record
SF:lib/src/modules/marvel_characters/domain/usecases/get_characters_usecase.dart
DA:6,1
DA:8,1
DA:9,2
LF:3
LH:3
end_of_record
SF:lib/src/modules/marvel_characters/presentation/pages/details/details_page.dart
DA:10,1
DA:12,1
DA:14,1
DA:16,1
DA:17,1
DA:19,1
DA:26,1
DA:28,1
DA:29,1
DA:30,2
DA:32,1
DA:34,1
DA:36,1
DA:37,1
DA:38,2
DA:39,1
DA:44,1
DA:46,1
DA:52,1
DA:53,2
DA:54,1
LF:21
LH:21
end_of_record
SF:lib/src/modules/marvel_characters/presentation/pages/home/home_page.dart
DA:9,9
DA:11,1
DA:12,1
DA:18,1
DA:20,1
DA:21,2
DA:22,3
DA:23,3
DA:27,1
DA:29,2
DA:30,1
DA:33,1
DA:35,1
DA:36,1
DA:37,1
DA:39,1
DA:47,2
DA:48,1
DA:53,2
DA:57,1
DA:59,1
DA:60,3
DA:62,1
DA:64,1
DA:65,1
DA:69,1
DA:71,1
DA:73,1
DA:75,1
DA:76,1
DA:77,1
DA:78,1
DA:79,1
DA:80,1
DA:81,0
DA:82,0
DA:84,0
DA:85,0
DA:87,0
DA:88,0
DA:89,0
DA:98,1
DA:99,1
DA:100,0
DA:101,0
DA:102,0
DA:103,0
DA:107,1
DA:109,1
DA:114,1
DA:115,2
DA:116,1
DA:117,2
DA:118,1
DA:119,0
DA:120,0
DA:122,0
DA:123,0
DA:125,0
DA:126,0
DA:127,0
DA:131,1
DA:132,1
DA:149,1
DA:150,1
DA:153,1
DA:156,1
LF:67
LH:49
end_of_record
SF:lib/src/modules/marvel_characters/presentation/pages/splash/splash_page.dart
DA:6,0
DA:8,0
DA:9,0
DA:13,0
DA:15,0
DA:16,0
DA:19,0
DA:20,0
DA:21,0
DA:22,0
DA:23,0
DA:27,0
DA:29,0
DA:31,0
DA:32,0
LF:15
LH:0
end_of_record
SF:lib/src/modules/marvel_characters/presentation/provider/character_provider.dart
DA:12,1
DA:14,1
DA:15,1
DA:16,1
DA:18,3
DA:19,2
DA:20,1
DA:22,0
DA:24,1
DA:25,1
DA:29,1
DA:30,1
DA:31,0
DA:33,2
DA:34,2
DA:35,4
DA:36,1
DA:38,1
DA:41,1
DA:42,3
DA:43,1
DA:44,1
DA:47,0
DA:48,0
DA:49,0
DA:50,0
DA:52,0
DA:53,0
DA:54,0
DA:55,0
DA:58,0
DA:59,0
DA:60,0
DA:62,0
DA:65,1
DA:66,1
DA:67,3
DA:68,5
DA:72,1
DA:73,1
DA:74,2
DA:75,3
DA:77,4
DA:80,1
LF:44
LH:30
end_of_record
SF:lib/src/modules/marvel_characters/presentation/widgets/character_card_widget.dart
DA:12,1
DA:22,1
DA:24,1
DA:25,1
DA:26,1
DA:27,2
DA:28,1
DA:29,1
DA:30,1
DA:31,1
DA:32,1
DA:34,1
DA:35,1
DA:36,1
DA:37,1
DA:38,1
DA:39,1
DA:44,1
DA:46,1
DA:47,1
DA:49,1
DA:54,1
DA:57,1
DA:58,1
DA:59,1
DA:62,1
DA:67,1
DA:69,1
DA:70,1
DA:72,1
LF:30
LH:30
end_of_record
SF:lib/src/modules/marvel_characters/presentation/widgets/detail_card_widget.dart
DA:6,1
DA:11,1
DA:13,1
DA:16,1
DA:17,1
DA:18,1
DA:19,1
DA:20,1
DA:25,1
DA:27,1
DA:30,1
DA:31,1
DA:34,1
DA:35,1
DA:36,1
LF:15
LH:15
end_of_record
SF:lib/src/modules/marvel_characters/presentation/widgets/search_bar_widget.dart
DA:7,1
DA:9,1
DA:11,1
DA:13,1
DA:14,1
DA:15,1
DA:18,1
LF:7
LH:7
end_of_record
